<?xml version="1.0" encoding="UTF-8"?>
<testng-results ignored="0" total="1" passed="1" failed="0" skipped="0">
  <reporter-output>
  </reporter-output>
  <suite started-at="2024-08-29T12:33:18 IST" name="Test suite" finished-at="2024-08-29T12:33:30 IST" duration-ms="11581">
    <groups>
    </groups>
    <test started-at="2024-08-29T12:33:18 IST" name="Login Test" finished-at="2024-08-29T12:33:30 IST" duration-ms="11581">
      <class name="TestCases.TestLogin">
        <test-method is-config="true" signature="setup(java.lang.String)[pri:0, instance:TestCases.TestLogin@65e98b1c]" started-at="2024-08-29T12:33:19 IST" name="setup" finished-at="2024-08-29T12:33:28 IST" duration-ms="9086" status="PASS">
          <params>
            <param index="0">
              <value>
                <![CDATA[chrome]]>
              </value>
            </param>
          </params>
          <reporter-output>
          </reporter-output>
        </test-method> <!-- setup -->
        <test-method signature="verifyLoginWithValidCredentials()[pri:0, instance:TestCases.TestLogin@65e98b1c]" started-at="2024-08-29T12:33:28 IST" name="verifyLoginWithValidCredentials" finished-at="2024-08-29T12:33:30 IST" duration-ms="1723" status="PASS">
          <reporter-output>
          </reporter-output>
        </test-method> <!-- verifyLoginWithValidCredentials -->
        <test-method is-config="true" signature="tearDown()[pri:0, instance:TestCases.TestLogin@65e98b1c]" started-at="2024-08-29T12:33:30 IST" name="tearDown" finished-at="2024-08-29T12:33:30 IST" duration-ms="333" status="PASS">
          <reporter-output>
          </reporter-output>
        </test-method> <!-- tearDown -->
      </class> <!-- TestCases.TestLogin -->
    </test> <!-- Login Test -->
  </suite> <!-- Test suite -->
</testng-results>
